\BOOKMARK [0][-]{chapter.1}{\376\377\000\332\000v\000o\000d}{}% 1
\BOOKMARK [1][-]{section.1.1}{\376\377\000C\000\355\000l\000e\000\040\000d\000i\000z\000e\000r\000t\000a\001\015\000n\000\355\000\040\000p\000r\000\341\000c\000e}{chapter.1}% 2
\BOOKMARK [0][-]{chapter.2}{\376\377\000A\000l\000g\000o\000r\000i\000t\000m\000u\000s\000\040\000E\000x\000t\000r\000e\000m\000e\000\040\000S\000e\000e\000k\000i\000n\000g\000\040\000E\000n\000t\000r\000o\000p\000y}{}% 3
\BOOKMARK [0][-]{chapter.3}{\376\377\000V\000\375\000s\000l\000e\000d\000k\000y\000\040\000d\000e\000t\000e\000k\000c\000e\000\040\000n\000o\000v\000o\000s\000t\000i\000\040\000a\000l\000g\000o\000r\000i\000t\000m\000e\000m\000\040\000E\000x\000t\000r\000e\000m\000e\000\040\000S\000e\000e\000k\000i\000n\000g\000\040\000E\000n\000t\000r\000o\000p\000y}{}% 4
\BOOKMARK [1][-]{section.3.1}{\376\377\000C\000h\000a\000o\000t\000i\000c\000k\000\341\000\040\001\015\000a\000s\000o\000v\000\341\000\040\001\131\000a\000d\000a\000\040\000M\000a\000c\000k\000e\000y\000-\000G\000l\000a\000s\000s\000\040\000a\000\040\000d\000e\000t\000e\000k\000c\000e\000\040\000p\000e\000r\000t\000u\000b\000a\000c\000e}{chapter.3}% 5
\BOOKMARK [1][-]{section.3.2}{\376\377\000D\000e\000t\000e\000k\000c\000e\000\040\000z\000m\001\033\000n\000y\000\040\000r\000o\000z\000p\000t\000y\000l\000u\000\040\001\141\000u\000m\000u\000\040\000v\000\040\000n\000\341\000h\000o\000d\000n\000\351\000m\000\040\000d\000a\000t\000o\000v\000\351\000m\000\040\000t\000o\000k\000u}{chapter.3}% 6
\BOOKMARK [1][-]{section.3.3}{\376\377\000D\000e\000t\000e\000k\000c\000e\000\040\000s\000k\000o\000k\000o\000v\000\351\000\040\000z\000m\001\033\000n\000y\000\040\000p\000a\000r\000a\000m\000e\000t\000r\001\157\000\040\000g\000e\000n\000e\000r\000\341\000t\000o\000r\000u\000\040\000s\000i\000g\000n\000\341\000l\000u}{chapter.3}% 7
\BOOKMARK [1][-]{section.3.4}{\376\377\000D\000e\000t\000e\000k\000c\000e\000\040\000n\000\341\000h\000l\000\351\000\040\000a\000b\000s\000e\000n\000c\000e\000\040\001\141\000u\000m\000u}{chapter.3}% 8
\BOOKMARK [1][-]{section.3.5}{\376\377\000D\000e\000t\000e\000k\000c\000e\000\040\000z\000m\001\033\000n\000y\000\040\000t\000r\000e\000n\000d\000u}{chapter.3}% 9
\BOOKMARK [1][-]{section.3.6}{\376\377\000D\000e\000t\000e\000k\000c\000e\000\040\000e\000p\000i\000l\000e\000p\000s\000i\000e\000\040\000v\000\040\000E\000E\000G\000\040\000z\000\341\000z\000n\000a\000m\000u\000\040\000m\000y\001\141\000i}{chapter.3}% 10
\BOOKMARK [1][-]{section.3.7}{\376\377\000V\000y\000h\000o\000d\000n\000o\000c\000e\000n\000\355\000\040\000\372\000s\000p\001\033\001\141\000n\000o\000s\000t\000i\000\040\000d\000e\000t\000e\000k\000c\000e\000\040\000s\000k\000o\000k\000o\000v\000\351\000\040\000z\000m\001\033\000n\000y\000\040\000p\000a\000r\000a\000m\000e\000t\000r\001\157\000\040\000g\000e\000n\000e\000r\000\341\000t\000o\000r\000u\000\040\000s\000i\000g\000n\000\341\000l\000u}{chapter.3}% 11
\BOOKMARK [1][-]{section.3.8}{\376\377\000V\000y\000h\000o\000d\000n\000o\000c\000e\000n\000\355\000\040\000\372\000s\000p\001\033\001\141\000n\000o\000s\000t\000i\000\040\000d\000e\000t\000e\000k\000c\000e\000\040\000s\000k\000o\000k\000o\000v\000\351\000\040\000z\000m\001\033\000n\000y\000\040\000t\000r\000e\000n\000d\000u}{chapter.3}% 12
\BOOKMARK [1][-]{section.3.9}{\376\377\000E\000v\000a\000l\000u\000a\000c\000e\000\040\000R\000O\000C\000\040\000k\001\131\000i\000v\000k\000y\000\040\000p\000r\000o\000\040\000d\000e\000t\000e\000k\000c\000i\000\040\000z\000m\001\033\000n\000y\000\040\000t\000r\000e\000n\000d\000u}{chapter.3}% 13
\BOOKMARK [2][-]{subsection.3.9.1}{\376\377\000P\000o\000p\000i\000s\000\040\000e\000x\000p\000e\000r\000i\000m\000e\000n\000t\000u}{section.3.9}% 14
\BOOKMARK [2][-]{subsection.3.9.2}{\376\377\000K\000o\000n\000s\000t\000r\000u\000k\000c\000e\000\040\000R\000O\000C\000\040\000k\001\131\000i\000v\000k\000y}{section.3.9}% 15
\BOOKMARK [2][-]{subsection.3.9.3}{\376\377\000V\000\375\000s\000l\000e\000d\000k\000y\000\040\000e\000x\000p\000e\000r\000i\000m\000e\000n\000t\000u}{section.3.9}% 16
\BOOKMARK [1][-]{section.3.10}{\376\377\000V\000y\000h\000o\000d\000n\000o\000c\000e\000n\000\355\000\040\000v\000\375\000p\000o\001\015\000e\000t\000n\000\355\000\040\000n\000\341\000r\000o\001\015\000n\000o\000s\000t\000i\000\040\000m\000e\000t\000o\000d\000\040\000o\000d\000h\000a\000d\000u\000\040\000p\000a\000r\000a\000m\000e\000t\000r\001\157\000\040\000z\000o\000b\000e\000c\000n\001\033\000n\000\351\000h\000o\000\040\000P\000a\000r\000e\000t\000o\000v\000a\000\040\000r\000o\000z\000d\001\033\000l\000e\000n\000\355}{chapter.3}% 17
\BOOKMARK [2][-]{subsection.3.10.1}{\376\377\000M\000o\000t\000i\000v\000a\000c\000e}{section.3.10}% 18
\BOOKMARK [2][-]{subsection.3.10.2}{\376\377\000S\000p\000e\000c\000i\000f\000i\000k\000a\000c\000e\000\040\000e\000x\000p\000e\000r\000i\000m\000e\000n\000t\000u}{section.3.10}% 19
\BOOKMARK [2][-]{subsection.3.10.3}{\376\377\000V\000\375\000s\000l\000e\000d\000k\000y\000\040\000a\000\040\000d\000i\000s\000k\000u\000z\000e}{section.3.10}% 20
\BOOKMARK [0][-]{chapter.4}{\376\377\000Z\000\341\000v\001\033\000r}{}% 21
\BOOKMARK [1][-]{section.4.1}{\376\377\000M\000o\001\176\000n\000\351\000\040\000s\000m\001\033\000r\000y\000\040\000b\000u\000d\000o\000u\000c\000\355\000h\000o\000\040\000v\000\375\000z\000k\000u\000m\000u}{chapter.4}% 22
\BOOKMARK [0][-]{chapter*.29}{\376\377\000P\000u\000b\000l\000i\000k\000a\000c\000e\000\040\000a\000u\000t\000o\000r\000a}{}% 23
\BOOKMARK [0][-]{chapter*.30}{\376\377\000L\000i\000t\000e\000r\000a\000t\000u\000r\000a\000\040\000r\000e\000l\000e\000v\000a\000n\000t\000n\000\355\000\040\000k\000\040\000t\000e\000z\000\355\000m}{}% 24
